<?xml version="1.0" encoding="UTF-8" ?>
<testsuite errors="1" failures="1" hostname="USER-MIH17VRG7I" name="org.changcheng.selenium1019.testcase.AllTests" skipped="0" tests="2" time="20.415" timestamp="2018-10-25T08:55:54">
  <properties>
[...]
</properties>
  <testcase classname="org.changcheng.selenium1019.testcase.LoginPage2Test" name="testLogin" time="16.381">
    <failure message="Not yet implemented" type="junit.framework.AssertionFailedError">junit.framework.AssertionFailedError: Not yet implemented
	at org.changcheng.selenium1019.testcase.LoginPage2Test.testLogin(LoginPage2Test.java:95)
	at org.changcheng.selenium1019.rule.RetryRule$1.evaluate(RetryRule.java:22)
	at org.changcheng.selenium1019.runner.MySuite.run(MySuite.java:51)
</failure>
  </testcase>
  <testcase classname="org.changcheng.selenium1019.testcase.PersonalInfoPageTest2" name="initializationError" time="0.249">
    <error message="Type org.databene.feed4junit.Feeder not present" type="java.lang.TypeNotPresentException">java.lang.TypeNotPresentException: Type org.databene.feed4junit.Feeder not present
	at com.sun.proxy.$Proxy2.value(Unknown Source)
	at org.changcheng.selenium1019.runner.MySuite.&lt;init&gt;(MySuite.java:30)
	at java.lang.reflect.Constructor.newInstance(Constructor.java:423)
	at java.lang.reflect.Constructor.newInstance(Constructor.java:423)
Caused by: java.lang.ClassNotFoundException: org.databene.feed4junit.Feeder
	at java.net.URLClassLoader.findClass(URLClassLoader.java:381)
	at java.lang.ClassLoader.loadClass(ClassLoader.java:424)
	at sun.misc.Launcher$AppClassLoader.loadClass(Launcher.java:349)
	at java.lang.ClassLoader.loadClass(ClassLoader.java:357)
	at java.lang.Class.forName0(Native Method)
	at java.lang.Class.forName(Class.java:348)
	at java.lang.Class.createAnnotationData(Class.java:3521)
	at java.lang.Class.annotationData(Class.java:3510)
	at java.lang.Class.getAnnotation(Class.java:3415)
</error>
  </testcase>
  <system-out><![CDATA[找到retry标签
3
]]></system-out>
  <system-err><![CDATA[Starting ChromeDriver 2.36.540470 (e522d04694c7ebea4ba8821272dbef4f9b818c91) on port 29737
Only local connections are allowed.
十月 25, 2018 4:55:58 下午 org.openqa.selenium.remote.ProtocolHandshake createSession
信息: Detected dialect: OSS
测试用例：testLogin正在重试第1次
测试用例：testLogin正在重试第2次
测试用例：testLogin正在重试第3次
在尝试了3次后，测试用例：testLogin最终执行失败了
]]></system-err>
</testsuite>
