<?xml version="1.0" encoding="UTF-8" ?>
<testsuite errors="0" failures="1" hostname="USER-MIH17VRG7I" name="org.changcheng.selenium1019.testcase.PersonalInfoPageTest" skipped="0" tests="1" time="20.614" timestamp="2018-10-23T07:32:44">
  <properties>
[...]
</properties>
  <testcase classname="org.changcheng.selenium1019.testcase.PersonalInfoPageTest" name="test" time="5.79">
    <failure message="expected:&lt;个人信息修改[成功]！&gt; but was:&lt;个人信息修改[失败]！&gt;" type="junit.framework.AssertionFailedError">junit.framework.AssertionFailedError: expected:&lt;个人信息修改[成功]！&gt; but was:&lt;个人信息修改[失败]！&gt;
	at org.changcheng.selenium1019.testcase.PersonalInfoPageTest.test(PersonalInfoPageTest.java:31)
</failure>
  </testcase>
  <system-out><![CDATA[]]></system-out>
  <system-err><![CDATA[Starting ChromeDriver 2.36.540470 (e522d04694c7ebea4ba8821272dbef4f9b818c91) on port 42978
Only local connections are allowed.
十月 23, 2018 3:32:47 下午 org.openqa.selenium.remote.ProtocolHandshake createSession
信息: Detected dialect: OSS
]]></system-err>
</testsuite>
